2026-01-12 12:24:00,515 - INFO - Snowflake Connector for Python Version: 4.2.0, Python Version: 3.12.10, Platform: Windows-10-10.0.19045-SP0
2026-01-12 12:24:00,515 - INFO - Connecting to GLOBAL Snowflake domain
2026-01-12 12:24:08,067 - ERROR - Bronze stage failed: 090105 (22000): 01c1ad3c-0000-cc5e-0001-689e00020dba: Cannot perform CREATE TABLE. This session does not have a current database. Call 'USE DATABASE', or use a qualified name.
2026-01-12 12:30:32,338 - INFO - Snowflake Connector for Python Version: 4.2.0, Python Version: 3.12.10, Platform: Windows-10-10.0.19045-SP0
2026-01-12 12:30:32,338 - INFO - Connecting to GLOBAL Snowflake domain
2026-01-12 12:30:38,549 - INFO - Bronze stage completed successfully
2026-01-12 12:30:38,719 - INFO - Snowflake Connector for Python Version: 4.2.0, Python Version: 3.12.10, Platform: Windows-10-10.0.19045-SP0
2026-01-12 12:30:38,719 - INFO - Connecting to GLOBAL Snowflake domain
2026-01-12 12:30:53,914 - INFO - Silver stage completed successfully
2026-01-12 12:30:54,116 - INFO - Snowflake Connector for Python Version: 4.2.0, Python Version: 3.12.10, Platform: Windows-10-10.0.19045-SP0
2026-01-12 12:30:54,117 - INFO - Connecting to GLOBAL Snowflake domain
2026-01-12 12:31:06,918 - INFO - Gold stage completed successfully
2026-01-12 12:31:07,092 - INFO - Snowflake Connector for Python Version: 4.2.0, Python Version: 3.12.10, Platform: Windows-10-10.0.19045-SP0
2026-01-12 12:31:07,092 - INFO - Connecting to GLOBAL Snowflake domain
2026-01-12 12:31:13,448 - INFO - Mart stage completed successfully
2026-01-12 12:31:13,612 - INFO - Snowflake Connector for Python Version: 4.2.0, Python Version: 3.12.10, Platform: Windows-10-10.0.19045-SP0
2026-01-12 12:31:13,612 - INFO - Connecting to GLOBAL Snowflake domain
2026-01-12 13:11:26,800 - INFO - Snowflake Connector for Python Version: 4.2.0, Python Version: 3.12.10, Platform: Windows-10-10.0.19045-SP0
2026-01-12 13:11:26,801 - INFO - Connecting to GLOBAL Snowflake domain
2026-01-12 13:11:32,051 - INFO - Bronze stage completed successfully
2026-01-12 13:11:32,198 - INFO - Snowflake Connector for Python Version: 4.2.0, Python Version: 3.12.10, Platform: Windows-10-10.0.19045-SP0
2026-01-12 13:11:32,198 - INFO - Connecting to GLOBAL Snowflake domain
2026-01-12 13:11:44,385 - INFO - Silver stage completed successfully
2026-01-12 13:11:44,545 - INFO - Snowflake Connector for Python Version: 4.2.0, Python Version: 3.12.10, Platform: Windows-10-10.0.19045-SP0
2026-01-12 13:11:44,545 - INFO - Connecting to GLOBAL Snowflake domain
2026-01-12 13:11:56,618 - INFO - Gold stage completed successfully
2026-01-12 13:11:56,756 - INFO - Snowflake Connector for Python Version: 4.2.0, Python Version: 3.12.10, Platform: Windows-10-10.0.19045-SP0
2026-01-12 13:11:56,756 - INFO - Connecting to GLOBAL Snowflake domain
2026-01-12 13:12:02,423 - INFO - Mart stage completed successfully
2026-01-12 13:12:02,617 - INFO - Snowflake Connector for Python Version: 4.2.0, Python Version: 3.12.10, Platform: Windows-10-10.0.19045-SP0
2026-01-12 13:12:02,618 - INFO - Connecting to GLOBAL Snowflake domain
