2026-01-11 23:10:32,196 - INFO - Snowflake Connector for Python Version: 4.2.0, Python Version: 3.10.11, Platform: Windows-10-10.0.26200-SP0
2026-01-11 23:16:43,731 - INFO - Snowflake Connector for Python Version: 4.2.0, Python Version: 3.10.11, Platform: Windows-10-10.0.26200-SP0
2026-01-11 23:17:47,581 - INFO - Snowflake Connector for Python Version: 4.2.0, Python Version: 3.10.11, Platform: Windows-10-10.0.26200-SP0
2026-01-11 23:17:47,581 - INFO - Connecting to GLOBAL Snowflake domain
2026-01-11 23:17:49,468 - ERROR - Bronze stage failed: 002002 (42710): 01c1aa2b-0000-cc69-0001-689e0001b4ca: SQL compilation error:
Object 'PRODUCTS_RAW' already exists.
2026-01-11 23:23:32,951 - INFO - Snowflake Connector for Python Version: 4.2.0, Python Version: 3.10.11, Platform: Windows-10-10.0.26200-SP0
2026-01-11 23:23:32,952 - INFO - Connecting to GLOBAL Snowflake domain
2026-01-11 23:23:36,340 - INFO - Bronze stage completed successfully
2026-01-11 23:23:36,515 - INFO - Snowflake Connector for Python Version: 4.2.0, Python Version: 3.10.11, Platform: Windows-10-10.0.26200-SP0
2026-01-11 23:23:36,515 - INFO - Connecting to GLOBAL Snowflake domain
2026-01-11 23:23:42,162 - INFO - Silver stage completed successfully
2026-01-11 23:23:42,333 - INFO - Snowflake Connector for Python Version: 4.2.0, Python Version: 3.10.11, Platform: Windows-10-10.0.26200-SP0
2026-01-11 23:23:42,333 - INFO - Connecting to GLOBAL Snowflake domain
2026-01-11 23:23:47,032 - INFO - Gold stage completed successfully
2026-01-11 23:23:47,212 - INFO - Snowflake Connector for Python Version: 4.2.0, Python Version: 3.10.11, Platform: Windows-10-10.0.26200-SP0
2026-01-11 23:23:47,212 - INFO - Connecting to GLOBAL Snowflake domain
2026-01-11 23:23:49,624 - INFO - Mart stage completed successfully
2026-01-11 23:23:49,802 - INFO - Snowflake Connector for Python Version: 4.2.0, Python Version: 3.10.11, Platform: Windows-10-10.0.26200-SP0
2026-01-11 23:23:49,802 - INFO - Connecting to GLOBAL Snowflake domain
